<?xml version="1.0" encoding="UTF-8"?>
<!-- Generated by org.testng.reporters.JUnitXMLReporter -->
<testsuite hostname="VINOTH" ignored="0" name="Default test" tests="3" failures="0" timestamp="2023-01-24T13:45:15 IST" time="39.397" errors="0">
  <testcase name="amazon" time="15.081" classname="com.TestNG.Parallel_Testing"/>
  <testcase name="edge" time="11.272" classname="com.TestNG.Parallel_Testing"/>
  <testcase name="flipkart" time="12.886" classname="com.TestNG.Parallel_Testing"/>
</testsuite> <!-- Default test -->
