<?xml version="1.0" encoding="UTF-8"?>
<testng-results skipped="0" failed="0" ignored="0" total="3" passed="3">
  <reporter-output>
  </reporter-output>
  <suite name="Default suite" duration-ms="39397" started-at="2023-01-24T13:44:36 IST" finished-at="2023-01-24T13:45:15 IST">
    <groups>
    </groups>
    <test name="Default test" duration-ms="39397" started-at="2023-01-24T13:44:36 IST" finished-at="2023-01-24T13:45:15 IST">
      <class name="com.TestNG.Parallel_Testing">
        <test-method status="PASS" signature="amazon()[pri:0, instance:com.TestNG.Parallel_Testing@12cdcf4]" name="amazon" duration-ms="15081" started-at="2023-01-24T13:44:36 IST" finished-at="2023-01-24T13:44:51 IST">
          <reporter-output>
          </reporter-output>
        </test-method> <!-- amazon -->
        <test-method status="PASS" signature="edge()[pri:0, instance:com.TestNG.Parallel_Testing@12cdcf4]" name="edge" duration-ms="11272" started-at="2023-01-24T13:44:51 IST" finished-at="2023-01-24T13:45:02 IST">
          <reporter-output>
          </reporter-output>
        </test-method> <!-- edge -->
        <test-method status="PASS" signature="flipkart()[pri:0, instance:com.TestNG.Parallel_Testing@12cdcf4]" name="flipkart" duration-ms="12886" started-at="2023-01-24T13:45:02 IST" finished-at="2023-01-24T13:45:15 IST">
          <reporter-output>
          </reporter-output>
        </test-method> <!-- flipkart -->
      </class> <!-- com.TestNG.Parallel_Testing -->
    </test> <!-- Default test -->
  </suite> <!-- Default suite -->
</testng-results>
